<?xml version="1.0" encoding="UTF-8"?>
<!-- Generated by org.testng.reporters.JUnitXMLReporter -->
<testsuite ignored="4" hostname="Shubham-Tripathi" failures="0" tests="2" name="Test" time="80.145" errors="0" timestamp="2024-09-09T19:59:33 IST">
  <testcase classname="testNG_Vtiger.Create_ProductTest" name="CreateProductTest" time="18.788"/>
  <testcase classname="testNG_Vtiger.Create_OrganizationTest" name="create_OrganizationTest" time="16.524"/>
  <testcase classname="generic_utilities.Base_Class" name="@BeforeTest BT" time="0.0">
    <ignored/>
  </testcase> <!-- @BeforeTest BT -->
  <testcase classname="generic_utilities.Base_Class" name="@AfterSuite AS" time="0.0">
    <ignored/>
  </testcase> <!-- @AfterSuite AS -->
  <testcase classname="generic_utilities.Base_Class" name="@BeforeSuite BS" time="0.0">
    <ignored/>
  </testcase> <!-- @BeforeSuite BS -->
  <testcase classname="generic_utilities.Base_Class" name="@AfterTest AT" time="0.0">
    <ignored/>
  </testcase> <!-- @AfterTest AT -->
</testsuite> <!-- Test -->
